[2026-03-23 09:00:01] =========================================
[2026-03-23 09:00:01] =========================================
[2026-03-23 09:00:01] 🚀 工作流健康巡检开始
[2026-03-23 09:00:01] 🚀 工作流健康巡检开始
[2026-03-23 09:00:01] =========================================
[2026-03-23 09:00:01] =========================================
[2026-03-23 09:00:01] [检查1] 前置条件检查
[2026-03-23 09:00:01] [检查1] 前置条件检查
[2026-03-23 09:00:01]   ✅ 妙手Cookies存在
[2026-03-23 09:00:01]   ✅ 妙手Cookies存在
[2026-03-23 09:00:01]   ❌ 本地1688服务未启动
[2026-03-23 09:00:01]   ❌ 本地1688服务未启动
{"code":19001,"data":{},"msg":"param invalid: incoming webhook access token invalid"}[2026-03-24 09:00:01] =========================================
[2026-03-24 09:00:01] =========================================
[2026-03-24 09:00:01] 🚀 工作流健康巡检开始
[2026-03-24 09:00:01] 🚀 工作流健康巡检开始
[2026-03-24 09:00:01] =========================================
[2026-03-24 09:00:01] =========================================
[2026-03-24 09:00:01] [检查1] 前置条件检查
[2026-03-24 09:00:01] [检查1] 前置条件检查
[2026-03-24 09:00:01]   ✅ 妙手Cookies存在
[2026-03-24 09:00:01]   ✅ 妙手Cookies存在
[2026-03-24 09:00:01]   ❌ 本地1688服务未启动
[2026-03-24 09:00:01]   ❌ 本地1688服务未启动
{"code":19001,"data":{},"msg":"param invalid: incoming webhook access token invalid"}[2026-03-25 02:00:01] =========================================
[2026-03-25 02:00:01] 🚀 工作流健康巡检开始
[2026-03-25 02:00:01] =========================================
[2026-03-25 02:00:01] [检查1] 前置条件检查
[2026-03-25 02:00:01]   ✅ 妙手Cookies存在
[2026-03-25 02:00:06]   ❌ 本地1688服务未启动
[2026-03-25 04:00:01] =========================================
[2026-03-25 04:00:01] 🚀 工作流健康巡检开始
[2026-03-25 04:00:01] =========================================
[2026-03-25 04:00:01] [检查1] 前置条件检查
[2026-03-25 04:00:01]   ✅ 妙手Cookies存在
[2026-03-25 04:00:06]   ❌ 本地1688服务未启动
[2026-03-25 06:00:01] =========================================
[2026-03-25 06:00:01] 🚀 工作流健康巡检开始
[2026-03-25 06:00:01] =========================================
[2026-03-25 06:00:01] [检查1] 前置条件检查
[2026-03-25 06:00:01]   ✅ 妙手Cookies存在
[2026-03-25 06:00:01]   ❌ 本地1688服务未启动
[2026-03-25 08:00:02] =========================================
[2026-03-25 08:00:02] 🚀 工作流健康巡检开始
[2026-03-25 08:00:02] =========================================
[2026-03-25 08:00:02] [检查1] 前置条件检查
[2026-03-25 08:00:02]   ✅ 妙手Cookies存在
[2026-03-25 08:00:02]   ❌ 本地1688服务未启动
[2026-03-25 10:00:01] =========================================
[2026-03-25 10:00:01] 🚀 工作流健康巡检开始
[2026-03-25 10:00:01] =========================================
[2026-03-25 10:00:01] [检查1] 前置条件检查
[2026-03-25 10:00:01]   ✅ 妙手Cookies存在
[2026-03-25 10:00:01]   ❌ 本地1688服务未启动
[2026-03-25 12:00:01] =========================================
[2026-03-25 12:00:01] 🚀 工作流健康巡检开始
[2026-03-25 12:00:01] =========================================
[2026-03-25 12:00:01] [检查1] 前置条件检查
[2026-03-25 12:00:01]   ✅ 妙手Cookies存在
[2026-03-25 12:00:01]   ✅ 本地1688服务正常
[2026-03-25 12:00:01]   ✅ SSH隧道已建立
[2026-03-25 12:00:01] [检查2] 执行工作流测试
[2026-03-25 12:00:01]   ❌ 工作流测试失败 (exit code: 2)
[2026-03-25 12:00:01]   错误信息: 
[2026-03-25 12:00:01] =========================================
[2026-03-25 12:00:01] 🏁 巡检完成
[2026-03-25 12:00:01] =========================================
[2026-03-25 14:00:01] =========================================
[2026-03-25 14:00:01] 🚀 工作流健康巡检开始
[2026-03-25 14:00:01] =========================================
[2026-03-25 14:00:01] [检查1] 前置条件检查
[2026-03-25 14:00:01]   ✅ 妙手Cookies存在
[2026-03-25 14:00:01]   ✅ 本地1688服务正常
[2026-03-25 14:00:01]   ✅ SSH隧道已建立
[2026-03-25 14:00:01] [检查2] 执行工作流测试
[2026-03-25 14:00:01]   ❌ 工作流测试失败 (exit code: 2)
[2026-03-25 14:00:01]   错误信息: 
[2026-03-25 14:00:02] =========================================
[2026-03-25 14:00:02] 🏁 巡检完成
[2026-03-25 14:00:02] =========================================
[2026-03-25 16:00:01] =========================================
[2026-03-25 16:00:01] 🚀 工作流健康巡检开始
[2026-03-25 16:00:01] =========================================
[2026-03-25 16:00:01] [检查1] 前置条件检查
[2026-03-25 16:00:01]   ✅ 妙手Cookies存在
[2026-03-25 16:00:02]   ✅ 本地1688服务正常
[2026-03-25 16:00:02]   ✅ SSH隧道已建立
[2026-03-25 16:00:02] [检查2] 执行工作流测试
[2026-03-25 16:00:02]   ❌ 工作流测试失败 (exit code: 2)
[2026-03-25 16:00:02]   错误信息: 
[2026-03-25 16:00:02] =========================================
[2026-03-25 16:00:02] 🏁 巡检完成
[2026-03-25 16:00:02] =========================================
[2026-03-25 18:00:01] =========================================
[2026-03-25 18:00:01] 🚀 工作流健康巡检开始
[2026-03-25 18:00:01] =========================================
[2026-03-25 18:00:01] [检查1] 前置条件检查
[2026-03-25 18:00:01]   ✅ 妙手Cookies存在
[2026-03-25 18:00:01]   ✅ 本地1688服务正常
[2026-03-25 18:00:01]   ✅ SSH隧道已建立
[2026-03-25 18:00:01] [检查2] 执行工作流测试
[2026-03-25 18:00:01]   ❌ 工作流测试失败 (exit code: 2)
[2026-03-25 18:00:01]   错误信息: 
[2026-03-25 18:00:01] =========================================
[2026-03-25 18:00:01] 🏁 巡检完成
[2026-03-25 18:00:02] =========================================
[2026-03-25 20:00:01] =========================================
[2026-03-25 20:00:01] 🚀 工作流健康巡检开始
[2026-03-25 20:00:01] =========================================
[2026-03-25 20:00:01] [检查1] 前置条件检查
[2026-03-25 20:00:01]   ✅ 妙手Cookies存在
[2026-03-25 20:00:01]   ✅ 本地1688服务正常
[2026-03-25 20:00:01]   ✅ SSH隧道已建立
[2026-03-25 20:00:01] [检查2] 执行工作流测试
[2026-03-25 20:00:01]   ❌ 工作流测试失败 (exit code: 2)
[2026-03-25 20:00:01]   错误信息: 
[2026-03-25 20:00:02] =========================================
[2026-03-25 20:00:02] 🏁 巡检完成
[2026-03-25 20:00:02] =========================================
[2026-03-25 22:00:01] =========================================
[2026-03-25 22:00:01] 🚀 工作流健康巡检开始
[2026-03-25 22:00:01] =========================================
[2026-03-25 22:00:01] [检查1] 前置条件检查
[2026-03-25 22:00:01]   ✅ 妙手Cookies存在
[2026-03-25 22:00:01]   ✅ 本地1688服务正常
[2026-03-25 22:00:01]   ✅ SSH隧道已建立
[2026-03-25 22:00:01] [检查2] 执行工作流测试
[2026-03-25 22:00:01]   ❌ 工作流测试失败 (exit code: 2)
[2026-03-25 22:00:01]   错误信息: 
[2026-03-25 22:00:02] =========================================
[2026-03-25 22:00:02] 🏁 巡检完成
[2026-03-25 22:00:02] =========================================
[2026-03-26 00:00:01] =========================================
[2026-03-26 00:00:01] 🚀 工作流健康巡检开始
[2026-03-26 00:00:01] =========================================
[2026-03-26 00:00:01] [检查1] 前置条件检查
[2026-03-26 00:00:01]   ✅ 妙手Cookies存在
[2026-03-26 00:00:01]   ✅ 本地1688服务正常
[2026-03-26 00:00:01]   ✅ SSH隧道已建立
[2026-03-26 00:00:01] [检查2] 执行工作流测试
[2026-03-26 00:00:01]   ❌ 工作流测试失败 (exit code: 2)
[2026-03-26 00:00:01]   错误信息: 
[2026-03-26 00:00:01] =========================================
[2026-03-26 00:00:01] 🏁 巡检完成
[2026-03-26 00:00:01] =========================================
[2026-03-26 02:00:01] =========================================
[2026-03-26 02:00:01] 🚀 工作流健康巡检开始
[2026-03-26 02:00:01] =========================================
[2026-03-26 02:00:01] [检查1] 前置条件检查
[2026-03-26 02:00:01]   ✅ 妙手Cookies存在
[2026-03-26 02:00:01]   ❌ 本地1688服务未启动
[2026-03-26 04:00:01] =========================================
[2026-03-26 04:00:01] 🚀 工作流健康巡检开始
[2026-03-26 04:00:01] =========================================
[2026-03-26 04:00:01] [检查1] 前置条件检查
[2026-03-26 04:00:01]   ✅ 妙手Cookies存在
[2026-03-26 04:00:01]   ❌ 本地1688服务未启动
[2026-03-26 06:00:01] =========================================
[2026-03-26 06:00:01] 🚀 工作流健康巡检开始
[2026-03-26 06:00:01] =========================================
[2026-03-26 06:00:01] [检查1] 前置条件检查
[2026-03-26 06:00:01]   ✅ 妙手Cookies存在
[2026-03-26 06:00:01]   ❌ 本地1688服务未启动
[2026-03-26 08:00:01] =========================================
[2026-03-26 08:00:01] 🚀 工作流健康巡检开始
[2026-03-26 08:00:01] =========================================
[2026-03-26 08:00:01] [检查1] 前置条件检查
[2026-03-26 08:00:01]   ✅ 妙手Cookies存在
[2026-03-26 08:00:01]   ❌ 本地1688服务未启动
[2026-03-26 10:00:01] =========================================
[2026-03-26 10:00:01] 🚀 工作流健康巡检开始
[2026-03-26 10:00:01] =========================================
[2026-03-26 10:00:01] [检查1] 前置条件检查
[2026-03-26 10:00:01]   ✅ 妙手Cookies存在
[2026-03-26 10:00:02]   ✅ 本地1688服务正常
[2026-03-26 10:00:02]   ✅ SSH隧道已建立
[2026-03-26 10:00:02] [检查2] 执行工作流测试
[2026-03-26 10:00:02]   ❌ 工作流测试失败 (exit code: 2)
[2026-03-26 10:00:02]   错误信息: 
[2026-03-26 10:00:02] =========================================
[2026-03-26 10:00:02] 🏁 巡检完成
[2026-03-26 10:00:02] =========================================
[2026-03-26 12:00:02] =========================================
[2026-03-26 12:00:02] 🚀 工作流健康巡检开始
[2026-03-26 12:00:02] =========================================
[2026-03-26 12:00:02] [检查1] 前置条件检查
[2026-03-26 12:00:02]   ✅ 妙手Cookies存在
[2026-03-26 12:00:02]   ✅ 本地1688服务正常
[2026-03-26 12:00:02]   ✅ SSH隧道已建立
[2026-03-26 12:00:02] [检查2] 执行工作流测试
[2026-03-26 12:00:02]   ❌ 工作流测试失败 (exit code: 2)
[2026-03-26 12:00:02]   错误信息: 
[2026-03-26 12:00:02] =========================================
[2026-03-26 12:00:02] 🏁 巡检完成
[2026-03-26 12:00:02] =========================================
[2026-03-26 14:00:01] =========================================
[2026-03-26 14:00:01] 🚀 工作流健康巡检开始
[2026-03-26 14:00:01] =========================================
[2026-03-26 14:00:01] [检查1] 前置条件检查
[2026-03-26 14:00:01]   ✅ 妙手Cookies存在
[2026-03-26 14:00:02]   ✅ 本地1688服务正常
[2026-03-26 14:00:02]   ✅ SSH隧道已建立
[2026-03-26 14:00:02] [检查2] 执行工作流测试
[2026-03-26 14:00:02]   ❌ 工作流测试失败 (exit code: 2)
[2026-03-26 14:00:02]   错误信息: 
[2026-03-26 14:00:02] =========================================
[2026-03-26 14:00:02] 🏁 巡检完成
[2026-03-26 14:00:02] =========================================
[2026-03-26 16:00:01] =========================================
[2026-03-26 16:00:01] 🚀 工作流健康巡检开始
[2026-03-26 16:00:01] =========================================
[2026-03-26 16:00:01] [检查1] 前置条件检查
[2026-03-26 16:00:01]   ✅ 妙手Cookies存在
[2026-03-26 16:00:01]   ✅ 本地1688服务正常
[2026-03-26 16:00:01]   ✅ SSH隧道已建立
[2026-03-26 16:00:01] [检查2] 执行工作流测试
[2026-03-26 16:00:01]   ❌ 工作流测试失败 (exit code: 2)
[2026-03-26 16:00:01]   错误信息: 
[2026-03-26 16:00:01] =========================================
[2026-03-26 16:00:01] 🏁 巡检完成
[2026-03-26 16:00:01] =========================================
[2026-03-26 18:00:01] =========================================
[2026-03-26 18:00:01] 🚀 工作流健康巡检开始
[2026-03-26 18:00:01] =========================================
[2026-03-26 18:00:01] [检查1] 前置条件检查
[2026-03-26 18:00:01]   ✅ 妙手Cookies存在
[2026-03-26 18:00:01]   ✅ 本地1688服务正常
[2026-03-26 18:00:01]   ✅ SSH隧道已建立
[2026-03-26 18:00:01] [检查2] 执行工作流测试
[2026-03-26 18:00:01]   ❌ 工作流测试失败 (exit code: 2)
[2026-03-26 18:00:01]   错误信息: 
[2026-03-26 18:00:02] =========================================
[2026-03-26 18:00:02] 🏁 巡检完成
[2026-03-26 18:00:02] =========================================
